08-23-2016 @ 12:14:05 - Queuing 2.4.0 - wc_update_240_options
08-23-2016 @ 12:14:05 - Queuing 2.4.0 - wc_update_240_shipping_methods
08-23-2016 @ 12:14:05 - Queuing 2.4.0 - wc_update_240_api_keys
08-23-2016 @ 12:14:05 - Queuing 2.4.0 - wc_update_240_webhooks
08-23-2016 @ 12:14:05 - Queuing 2.4.0 - wc_update_240_refunds
08-23-2016 @ 12:14:05 - Queuing 2.4.0 - wc_update_240_db_version
08-23-2016 @ 12:14:05 - Queuing 2.4.1 - wc_update_241_variations
08-23-2016 @ 12:14:05 - Queuing 2.4.1 - wc_update_241_db_version
08-23-2016 @ 12:14:05 - Queuing 2.5.0 - wc_update_250_currency
08-23-2016 @ 12:14:05 - Queuing 2.5.0 - wc_update_250_db_version
08-23-2016 @ 12:14:05 - Queuing 2.6.0 - wc_update_260_options
08-23-2016 @ 12:14:05 - Queuing 2.6.0 - wc_update_260_termmeta
08-23-2016 @ 12:14:05 - Queuing 2.6.0 - wc_update_260_zones
08-23-2016 @ 12:14:05 - Queuing 2.6.0 - wc_update_260_zone_methods
08-23-2016 @ 12:14:05 - Queuing 2.6.0 - wc_update_260_refunds
08-23-2016 @ 12:14:05 - Queuing 2.6.0 - wc_update_260_db_version
08-23-2016 @ 12:14:09 - Unable to dispatch WooCommerce updater: Operation timed out after 1000 milliseconds with 0 bytes received
08-23-2016 @ 12:14:11 - Running wc_update_240_options callback
08-23-2016 @ 12:14:16 - Finished wc_update_240_options callback
08-23-2016 @ 12:14:16 - Running wc_update_240_shipping_methods callback
08-23-2016 @ 12:14:19 - Finished wc_update_240_shipping_methods callback
08-23-2016 @ 12:14:19 - Running wc_update_240_api_keys callback
08-23-2016 @ 12:14:19 - Finished wc_update_240_api_keys callback
08-23-2016 @ 12:14:19 - Running wc_update_240_webhooks callback
08-23-2016 @ 12:14:19 - Finished wc_update_240_webhooks callback
08-23-2016 @ 12:14:19 - Running wc_update_240_refunds callback
08-23-2016 @ 12:14:20 - Finished wc_update_240_refunds callback
08-23-2016 @ 12:14:20 - Running wc_update_240_db_version callback
08-23-2016 @ 12:14:20 - Finished wc_update_240_db_version callback
08-23-2016 @ 12:14:20 - Running wc_update_241_variations callback
08-23-2016 @ 12:14:24 - Finished wc_update_241_variations callback
08-23-2016 @ 12:14:24 - Running wc_update_241_db_version callback
08-23-2016 @ 12:14:24 - Finished wc_update_241_db_version callback
08-23-2016 @ 12:14:24 - Running wc_update_250_currency callback
08-23-2016 @ 12:14:24 - Finished wc_update_250_currency callback
08-23-2016 @ 12:14:24 - Running wc_update_250_db_version callback
08-23-2016 @ 12:14:24 - Finished wc_update_250_db_version callback
08-23-2016 @ 12:14:24 - Running wc_update_260_options callback
08-23-2016 @ 12:14:24 - Finished wc_update_260_options callback
08-23-2016 @ 12:14:24 - Running wc_update_260_termmeta callback
08-23-2016 @ 12:14:24 - Finished wc_update_260_termmeta callback
08-23-2016 @ 12:14:24 - Running wc_update_260_zones callback
08-23-2016 @ 12:14:24 - Finished wc_update_260_zones callback
08-23-2016 @ 12:14:24 - Running wc_update_260_zone_methods callback
08-23-2016 @ 12:14:24 - Finished wc_update_260_zone_methods callback
08-23-2016 @ 12:14:24 - Running wc_update_260_refunds callback
08-23-2016 @ 12:14:25 - Finished wc_update_260_refunds callback
08-23-2016 @ 12:14:25 - Running wc_update_260_db_version callback
08-23-2016 @ 12:14:25 - Finished wc_update_260_db_version callback
08-23-2016 @ 12:14:25 - Data update complete
